--trec=0,1,0,1,1,0,1,1,0,0,0,0,0,0,1,1,1,1,1,1,0,0,0,0,0,0,0,0,0,0,0,0,0,0,0,0,0,0,0
--L=9,3,9,3,9,3,9,3,9,3,9,3,9,3,9,3,9,3,9,3,9,3,9,3,9,3,9,3,9,3,9,3,9,3,9,3,9,3,9
--H=8,8,8,8,8,8,8,8,8,8,8,8,8,8,8,8,8,8,8,8,8,8,8,8,8,8,8,8,8,8,8,8,8,8,8,8,8,8,8
=========================================
Experiment dir : EXP
Experiment dir : EXP/densenet-20241108-050807
11/08 05:08:07 AM gpu device = 0
11/08 05:08:07 AM args = Namespace(checkpoint_path='EXP/densenet-20241108-050807', dataset_path='data', model_name='densenet', epochs=100, batch_size=64, learning_rate=0.1, momentum=0.9, weight_decay=0.0001, grad_clip=5, step=15, trec=[0, 1, 0, 1, 1, 0, 1, 1, 0, 0, 0, 0, 0, 0, 1, 1, 1, 1, 1, 1, 0, 0, 0, 0, 0, 0, 0, 0, 0, 0, 0, 0, 0, 0, 0, 0, 0, 0, 0], L=[9, 3, 9, 3, 9, 3, 9, 3, 9, 3, 9, 3, 9, 6, 6, 9, 6, 9, 6, 9, 6, 9, 6, 9, 6, 9, 6, 6, 9, 6, 9, 6, 9, 6, 9, 6, 9, 6, 9], H=[8, 8, 8, 8, 8, 8, 8, 8, 8, 8, 8, 8, 8, 8, 8, 8, 8, 8, 8, 8, 8, 8, 8, 8, 8, 8, 8, 8, 8, 8, 8, 8, 8, 8, 8, 8, 8, 8, 8], bp_trec=[0, 0, 0, 0], bp_L=[1, 1, 1, 1], bp_H=[1, 1, 1, 1], gpu=0, depth=40, k=12)
Files already downloaded and verified
Files already downloaded and verified
11/08 05:08:17 AM [epoch=0, batch=  100] loss: 1.930
11/08 05:08:25 AM [epoch=0, batch=  200] loss: 1.631
11/08 05:08:32 AM [epoch=0, batch=  300] loss: 1.452
11/08 05:08:40 AM [epoch=0, batch=  400] loss: 1.292
11/08 05:08:48 AM [epoch=0, batch=  500] loss: 1.234
11/08 05:08:56 AM [epoch=0, batch=  600] loss: 1.146
11/08 05:09:03 AM [epoch=0, batch=  700] loss: 1.102
Training time (sec): 61.586138448968995
Epoch 0 finished
11/08 05:09:13 AM Inference time (sec): 2.60753127199132
11/08 05:09:13 AM Accuracy of the network on the 10000 test images: 0.5927
11/08 05:09:13 AM Saving currently best model.. to EXP/densenet-20241108-050807/weights.pt
11/08 05:09:20 AM [epoch=1, batch=  100] loss: 1.008
11/08 05:09:28 AM [epoch=1, batch=  200] loss: 1.012
11/08 05:09:36 AM [epoch=1, batch=  300] loss: 0.987
11/08 05:09:44 AM [epoch=1, batch=  400] loss: 0.967
11/08 05:09:52 AM [epoch=1, batch=  500] loss: 0.949
11/08 05:10:00 AM [epoch=1, batch=  600] loss: 0.900
11/08 05:10:08 AM [epoch=1, batch=  700] loss: 0.907
Training time (sec): 61.493293141014874
Epoch 1 finished
11/08 05:10:17 AM Inference time (sec): 2.5807461419608444
11/08 05:10:17 AM Accuracy of the network on the 10000 test images: 0.6014
11/08 05:10:17 AM Saving currently best model.. to EXP/densenet-20241108-050807/weights.pt
11/08 05:10:25 AM [epoch=2, batch=  100] loss: 0.828
11/08 05:10:32 AM [epoch=2, batch=  200] loss: 0.840
11/08 05:10:40 AM [epoch=2, batch=  300] loss: 0.813
11/08 05:10:48 AM [epoch=2, batch=  400] loss: 0.799
11/08 05:10:56 AM [epoch=2, batch=  500] loss: 0.769
11/08 05:11:04 AM [epoch=2, batch=  600] loss: 0.808
11/08 05:11:12 AM [epoch=2, batch=  700] loss: 0.763
Training time (sec): 61.69499220501166
Epoch 2 finished
11/08 05:11:21 AM Inference time (sec): 2.5773812900297344
11/08 05:11:21 AM Accuracy of the network on the 10000 test images: 0.701
11/08 05:11:21 AM Saving currently best model.. to EXP/densenet-20241108-050807/weights.pt
11/08 05:11:29 AM [epoch=3, batch=  100] loss: 0.715
11/08 05:11:37 AM [epoch=3, batch=  200] loss: 0.690
11/08 05:11:45 AM [epoch=3, batch=  300] loss: 0.692
11/08 05:11:53 AM [epoch=3, batch=  400] loss: 0.708
11/08 05:12:01 AM [epoch=3, batch=  500] loss: 0.679
11/08 05:12:09 AM [epoch=3, batch=  600] loss: 0.672
11/08 05:12:17 AM [epoch=3, batch=  700] loss: 0.654
Training time (sec): 62.3707418559934
Epoch 3 finished
11/08 05:12:26 AM Inference time (sec): 2.5773144470294937
11/08 05:12:26 AM Accuracy of the network on the 10000 test images: 0.7789
11/08 05:12:26 AM Saving currently best model.. to EXP/densenet-20241108-050807/weights.pt
11/08 05:12:34 AM [epoch=4, batch=  100] loss: 0.631
11/08 05:12:42 AM [epoch=4, batch=  200] loss: 0.618
11/08 05:12:50 AM [epoch=4, batch=  300] loss: 0.622
11/08 05:12:58 AM [epoch=4, batch=  400] loss: 0.618
11/08 05:13:06 AM [epoch=4, batch=  500] loss: 0.639
11/08 05:13:15 AM [epoch=4, batch=  600] loss: 0.599
11/08 05:13:23 AM [epoch=4, batch=  700] loss: 0.612
Training time (sec): 63.29003476299113
Epoch 4 finished
11/08 05:13:32 AM Inference time (sec): 2.5017723870114423
11/08 05:13:32 AM Accuracy of the network on the 10000 test images: 0.7743
11/08 05:13:40 AM [epoch=5, batch=  100] loss: 0.565
11/08 05:13:48 AM [epoch=5, batch=  200] loss: 0.559
11/08 05:13:56 AM [epoch=5, batch=  300] loss: 0.589
11/08 05:14:04 AM [epoch=5, batch=  400] loss: 0.557
11/08 05:14:13 AM [epoch=5, batch=  500] loss: 0.570
11/08 05:14:21 AM [epoch=5, batch=  600] loss: 0.557
11/08 05:14:29 AM [epoch=5, batch=  700] loss: 0.568
Training time (sec): 64.01083166699391
Epoch 5 finished
11/08 05:14:38 AM Inference time (sec): 2.4992580349789932
11/08 05:14:38 AM Accuracy of the network on the 10000 test images: 0.7348
11/08 05:14:47 AM [epoch=6, batch=  100] loss: 0.543
11/08 05:14:55 AM [epoch=6, batch=  200] loss: 0.544
11/08 05:15:03 AM [epoch=6, batch=  300] loss: 0.540
11/08 05:15:11 AM [epoch=6, batch=  400] loss: 0.529
11/08 05:15:19 AM [epoch=6, batch=  500] loss: 0.534
11/08 05:15:28 AM [epoch=6, batch=  600] loss: 0.535
11/08 05:15:36 AM [epoch=6, batch=  700] loss: 0.516
Training time (sec): 64.36702857795171
Epoch 6 finished
11/08 05:15:45 AM Inference time (sec): 2.5456312900059856
11/08 05:15:45 AM Accuracy of the network on the 10000 test images: 0.7985
11/08 05:15:45 AM Saving currently best model.. to EXP/densenet-20241108-050807/weights.pt
11/08 05:15:54 AM [epoch=7, batch=  100] loss: 0.482
11/08 05:16:02 AM [epoch=7, batch=  200] loss: 0.513
11/08 05:16:10 AM [epoch=7, batch=  300] loss: 0.514
11/08 05:16:19 AM [epoch=7, batch=  400] loss: 0.485
11/08 05:16:27 AM [epoch=7, batch=  500] loss: 0.503
11/08 05:16:35 AM [epoch=7, batch=  600] loss: 0.515
11/08 05:16:44 AM [epoch=7, batch=  700] loss: 0.506
Training time (sec): 65.31273268297082
Epoch 7 finished
11/08 05:16:53 AM Inference time (sec): 2.5440521690179594
11/08 05:16:53 AM Accuracy of the network on the 10000 test images: 0.8008
11/08 05:16:53 AM Saving currently best model.. to EXP/densenet-20241108-050807/weights.pt
11/08 05:17:01 AM [epoch=8, batch=  100] loss: 0.470
11/08 05:17:10 AM [epoch=8, batch=  200] loss: 0.472
11/08 05:17:18 AM [epoch=8, batch=  300] loss: 0.491
11/08 05:17:27 AM [epoch=8, batch=  400] loss: 0.499
11/08 05:17:35 AM [epoch=8, batch=  500] loss: 0.473
11/08 05:17:44 AM [epoch=8, batch=  600] loss: 0.489
11/08 05:17:52 AM [epoch=8, batch=  700] loss: 0.487
Training time (sec): 66.12092299497453
Epoch 8 finished
11/08 05:18:02 AM Inference time (sec): 2.5239380759885535
11/08 05:18:02 AM Accuracy of the network on the 10000 test images: 0.7833
11/08 05:18:10 AM [epoch=9, batch=  100] loss: 0.450
11/08 05:18:19 AM [epoch=9, batch=  200] loss: 0.433
11/08 05:18:27 AM [epoch=9, batch=  300] loss: 0.473
11/08 05:18:36 AM [epoch=9, batch=  400] loss: 0.464
11/08 05:18:44 AM [epoch=9, batch=  500] loss: 0.462
11/08 05:18:53 AM [epoch=9, batch=  600] loss: 0.464
11/08 05:19:01 AM [epoch=9, batch=  700] loss: 0.456
Training time (sec): 66.36117818701314
Epoch 9 finished
11/08 05:19:11 AM Inference time (sec): 2.490284360013902
11/08 05:19:11 AM Accuracy of the network on the 10000 test images: 0.8056
11/08 05:19:11 AM Saving currently best model.. to EXP/densenet-20241108-050807/weights.pt
11/08 05:19:19 AM [epoch=10, batch=  100] loss: 0.399
11/08 05:19:28 AM [epoch=10, batch=  200] loss: 0.440
11/08 05:19:36 AM [epoch=10, batch=  300] loss: 0.443
11/08 05:19:45 AM [epoch=10, batch=  400] loss: 0.422
11/08 05:19:53 AM [epoch=10, batch=  500] loss: 0.473
11/08 05:20:02 AM [epoch=10, batch=  600] loss: 0.448
11/08 05:20:11 AM [epoch=10, batch=  700] loss: 0.461
Training time (sec): 67.077773498022
Epoch 10 finished
11/08 05:20:20 AM Inference time (sec): 2.4913723909994587
11/08 05:20:20 AM Accuracy of the network on the 10000 test images: 0.7983
11/08 05:20:29 AM [epoch=11, batch=  100] loss: 0.398
11/08 05:20:38 AM [epoch=11, batch=  200] loss: 0.418
11/08 05:20:47 AM [epoch=11, batch=  300] loss: 0.436
11/08 05:20:55 AM [epoch=11, batch=  400] loss: 0.441
11/08 05:21:04 AM [epoch=11, batch=  500] loss: 0.434
11/08 05:21:13 AM [epoch=11, batch=  600] loss: 0.446
11/08 05:21:22 AM [epoch=11, batch=  700] loss: 0.421
Training time (sec): 68.91900178295327
Epoch 11 finished
11/08 05:21:32 AM Inference time (sec): 2.4942090939730406
11/08 05:21:32 AM Accuracy of the network on the 10000 test images: 0.821
11/08 05:21:32 AM Saving currently best model.. to EXP/densenet-20241108-050807/weights.pt
11/08 05:21:40 AM [epoch=12, batch=  100] loss: 0.390
11/08 05:21:49 AM [epoch=12, batch=  200] loss: 0.410
11/08 05:21:58 AM [epoch=12, batch=  300] loss: 0.428
11/08 05:22:07 AM [epoch=12, batch=  400] loss: 0.433
11/08 05:22:16 AM [epoch=12, batch=  500] loss: 0.421
11/08 05:22:25 AM [epoch=12, batch=  600] loss: 0.431
11/08 05:22:34 AM [epoch=12, batch=  700] loss: 0.403
Training time (sec): 69.4312103120028
Epoch 12 finished
11/08 05:22:44 AM Inference time (sec): 2.49399737699423
11/08 05:22:44 AM Accuracy of the network on the 10000 test images: 0.8315
11/08 05:22:44 AM Saving currently best model.. to EXP/densenet-20241108-050807/weights.pt
11/08 05:22:52 AM [epoch=13, batch=  100] loss: 0.370
11/08 05:23:01 AM [epoch=13, batch=  200] loss: 0.398
11/08 05:23:10 AM [epoch=13, batch=  300] loss: 0.426
11/08 05:23:19 AM [epoch=13, batch=  400] loss: 0.406
11/08 05:23:28 AM [epoch=13, batch=  500] loss: 0.408
11/08 05:23:37 AM [epoch=13, batch=  600] loss: 0.425
11/08 05:23:46 AM [epoch=13, batch=  700] loss: 0.415
Training time (sec): 69.80897903296864
Epoch 13 finished
11/08 05:23:56 AM Inference time (sec): 2.493016035994515
11/08 05:23:56 AM Accuracy of the network on the 10000 test images: 0.8125
11/08 05:24:05 AM [epoch=14, batch=  100] loss: 0.386
11/08 05:24:14 AM [epoch=14, batch=  200] loss: 0.399
11/08 05:24:23 AM [epoch=14, batch=  300] loss: 0.404
11/08 05:24:32 AM [epoch=14, batch=  400] loss: 0.396
11/08 05:24:41 AM [epoch=14, batch=  500] loss: 0.403
11/08 05:24:50 AM [epoch=14, batch=  600] loss: 0.384
11/08 05:24:59 AM [epoch=14, batch=  700] loss: 0.424
Training time (sec): 70.14592274097959
Epoch 14 finished
11/08 05:25:08 AM Inference time (sec): 2.4913029890158214
11/08 05:25:08 AM Accuracy of the network on the 10000 test images: 0.8289
11/08 05:25:18 AM [epoch=15, batch=  100] loss: 0.303
11/08 05:25:27 AM [epoch=15, batch=  200] loss: 0.273
11/08 05:25:36 AM [epoch=15, batch=  300] loss: 0.263
11/08 05:25:45 AM [epoch=15, batch=  400] loss: 0.252
11/08 05:25:54 AM [epoch=15, batch=  500] loss: 0.243
11/08 05:26:02 AM [epoch=15, batch=  600] loss: 0.230
11/08 05:26:11 AM [epoch=15, batch=  700] loss: 0.249
Training time (sec): 70.33206279500155
Epoch 15 finished
11/08 05:26:21 AM Inference time (sec): 2.4915198810049333
11/08 05:26:21 AM Accuracy of the network on the 10000 test images: 0.8748
11/08 05:26:21 AM Saving currently best model.. to EXP/densenet-20241108-050807/weights.pt
11/08 05:26:30 AM [epoch=16, batch=  100] loss: 0.211
11/08 05:26:39 AM [epoch=16, batch=  200] loss: 0.209
11/08 05:26:48 AM [epoch=16, batch=  300] loss: 0.210
11/08 05:26:57 AM [epoch=16, batch=  400] loss: 0.219
11/08 05:27:06 AM [epoch=16, batch=  500] loss: 0.206
11/08 05:27:15 AM [epoch=16, batch=  600] loss: 0.209
11/08 05:27:24 AM [epoch=16, batch=  700] loss: 0.204
Training time (sec): 70.29876415396575
Epoch 16 finished
11/08 05:27:34 AM Inference time (sec): 2.4895503150182776
11/08 05:27:34 AM Accuracy of the network on the 10000 test images: 0.876
11/08 05:27:34 AM Saving currently best model.. to EXP/densenet-20241108-050807/weights.pt
11/08 05:27:43 AM [epoch=17, batch=  100] loss: 0.176
11/08 05:27:52 AM [epoch=17, batch=  200] loss: 0.195
11/08 05:28:01 AM [epoch=17, batch=  300] loss: 0.197
11/08 05:28:10 AM [epoch=17, batch=  400] loss: 0.196
11/08 05:28:19 AM [epoch=17, batch=  500] loss: 0.183
11/08 05:28:28 AM [epoch=17, batch=  600] loss: 0.187
11/08 05:28:37 AM [epoch=17, batch=  700] loss: 0.188
Training time (sec): 70.66798643098446
Epoch 17 finished
11/08 05:28:47 AM Inference time (sec): 2.4998748419457115
11/08 05:28:47 AM Accuracy of the network on the 10000 test images: 0.8758
11/08 05:28:56 AM [epoch=18, batch=  100] loss: 0.170
11/08 05:29:05 AM [epoch=18, batch=  200] loss: 0.166
11/08 05:29:14 AM [epoch=18, batch=  300] loss: 0.174
11/08 05:29:23 AM [epoch=18, batch=  400] loss: 0.169
11/08 05:29:32 AM [epoch=18, batch=  500] loss: 0.171
11/08 05:29:41 AM [epoch=18, batch=  600] loss: 0.178
11/08 05:29:50 AM [epoch=18, batch=  700] loss: 0.165
Training time (sec): 70.50018186500529
Epoch 18 finished
11/08 05:30:00 AM Inference time (sec): 2.6299306789878756
11/08 05:30:00 AM Accuracy of the network on the 10000 test images: 0.8755
11/08 05:30:09 AM [epoch=19, batch=  100] loss: 0.158
11/08 05:30:18 AM [epoch=19, batch=  200] loss: 0.151
11/08 05:30:27 AM [epoch=19, batch=  300] loss: 0.155
11/08 05:30:36 AM [epoch=19, batch=  400] loss: 0.152
11/08 05:30:45 AM [epoch=19, batch=  500] loss: 0.160
11/08 05:30:54 AM [epoch=19, batch=  600] loss: 0.167
11/08 05:31:03 AM [epoch=19, batch=  700] loss: 0.167
Training time (sec): 70.33539521199418
Epoch 19 finished
11/08 05:31:13 AM Inference time (sec): 2.4932539229630493
11/08 05:31:13 AM Accuracy of the network on the 10000 test images: 0.8742
11/08 05:31:22 AM [epoch=20, batch=  100] loss: 0.135
11/08 05:31:31 AM [epoch=20, batch=  200] loss: 0.133
11/08 05:31:40 AM [epoch=20, batch=  300] loss: 0.145
11/08 05:31:49 AM [epoch=20, batch=  400] loss: 0.145
11/08 05:31:58 AM [epoch=20, batch=  500] loss: 0.153
11/08 05:32:07 AM [epoch=20, batch=  600] loss: 0.161
11/08 05:32:16 AM [epoch=20, batch=  700] loss: 0.148
Training time (sec): 70.57237832900137
Epoch 20 finished
11/08 05:32:26 AM Inference time (sec): 2.494873809046112
11/08 05:32:26 AM Accuracy of the network on the 10000 test images: 0.8731
11/08 05:32:35 AM [epoch=21, batch=  100] loss: 0.133
11/08 05:32:44 AM [epoch=21, batch=  200] loss: 0.125
11/08 05:32:53 AM [epoch=21, batch=  300] loss: 0.127
11/08 05:33:02 AM [epoch=21, batch=  400] loss: 0.135
11/08 05:33:11 AM [epoch=21, batch=  500] loss: 0.135
11/08 05:33:20 AM [epoch=21, batch=  600] loss: 0.141
11/08 05:33:29 AM [epoch=21, batch=  700] loss: 0.138
Training time (sec): 70.3678897350328
Epoch 21 finished
11/08 05:33:39 AM Inference time (sec): 2.5150539239984937
11/08 05:33:39 AM Accuracy of the network on the 10000 test images: 0.8757
11/08 05:33:48 AM [epoch=22, batch=  100] loss: 0.117
11/08 05:33:57 AM [epoch=22, batch=  200] loss: 0.122
11/08 05:34:06 AM [epoch=22, batch=  300] loss: 0.128
11/08 05:34:15 AM [epoch=22, batch=  400] loss: 0.115
11/08 05:34:24 AM [epoch=22, batch=  500] loss: 0.128
11/08 05:34:33 AM [epoch=22, batch=  600] loss: 0.122
11/08 05:34:42 AM [epoch=22, batch=  700] loss: 0.128
Training time (sec): 70.5966654769727
Epoch 22 finished
11/08 05:34:52 AM Inference time (sec): 2.488677515008021
11/08 05:34:52 AM Accuracy of the network on the 10000 test images: 0.8747
11/08 05:35:01 AM [epoch=23, batch=  100] loss: 0.107
11/08 05:35:10 AM [epoch=23, batch=  200] loss: 0.108
11/08 05:35:19 AM [epoch=23, batch=  300] loss: 0.113
11/08 05:35:28 AM [epoch=23, batch=  400] loss: 0.110
11/08 05:35:37 AM [epoch=23, batch=  500] loss: 0.128
11/08 05:35:46 AM [epoch=23, batch=  600] loss: 0.131
11/08 05:35:55 AM [epoch=23, batch=  700] loss: 0.117
Training time (sec): 70.49431956204353
Epoch 23 finished
11/08 05:36:05 AM Inference time (sec): 2.502459021983668
11/08 05:36:05 AM Accuracy of the network on the 10000 test images: 0.8742
11/08 05:36:14 AM [epoch=24, batch=  100] loss: 0.094
11/08 05:36:23 AM [epoch=24, batch=  200] loss: 0.097
11/08 05:36:32 AM [epoch=24, batch=  300] loss: 0.100
11/08 05:36:41 AM [epoch=24, batch=  400] loss: 0.108
11/08 05:36:50 AM [epoch=24, batch=  500] loss: 0.106
11/08 05:36:59 AM [epoch=24, batch=  600] loss: 0.110
11/08 05:37:08 AM [epoch=24, batch=  700] loss: 0.109
Training time (sec): 70.54319885501172
Epoch 24 finished
11/08 05:37:18 AM Inference time (sec): 2.5684014540165663
11/08 05:37:18 AM Accuracy of the network on the 10000 test images: 0.8719
11/08 05:37:27 AM [epoch=25, batch=  100] loss: 0.087
11/08 05:37:36 AM [epoch=25, batch=  200] loss: 0.095
11/08 05:37:45 AM [epoch=25, batch=  300] loss: 0.096
11/08 05:37:54 AM [epoch=25, batch=  400] loss: 0.102
11/08 05:38:03 AM [epoch=25, batch=  500] loss: 0.102
11/08 05:38:12 AM [epoch=25, batch=  600] loss: 0.104
11/08 05:38:21 AM [epoch=25, batch=  700] loss: 0.100
Training time (sec): 70.39167042099871
Epoch 25 finished
11/08 05:38:31 AM Inference time (sec): 2.4933422249741852
11/08 05:38:31 AM Accuracy of the network on the 10000 test images: 0.8718
11/08 05:38:40 AM [epoch=26, batch=  100] loss: 0.081
11/08 05:38:49 AM [epoch=26, batch=  200] loss: 0.086
11/08 05:38:58 AM [epoch=26, batch=  300] loss: 0.086
11/08 05:39:07 AM [epoch=26, batch=  400] loss: 0.095
11/08 05:39:16 AM [epoch=26, batch=  500] loss: 0.095
11/08 05:39:25 AM [epoch=26, batch=  600] loss: 0.095
11/08 05:39:34 AM [epoch=26, batch=  700] loss: 0.098
Training time (sec): 70.4186840300099
Epoch 26 finished
11/08 05:39:44 AM Inference time (sec): 2.4937645659665577
11/08 05:39:44 AM Accuracy of the network on the 10000 test images: 0.8705
11/08 05:39:53 AM [epoch=27, batch=  100] loss: 0.078
11/08 05:40:02 AM [epoch=27, batch=  200] loss: 0.081
11/08 05:40:11 AM [epoch=27, batch=  300] loss: 0.080
11/08 05:40:20 AM [epoch=27, batch=  400] loss: 0.088
11/08 05:40:29 AM [epoch=27, batch=  500] loss: 0.084
11/08 05:40:38 AM [epoch=27, batch=  600] loss: 0.085
11/08 05:40:47 AM [epoch=27, batch=  700] loss: 0.097
Training time (sec): 70.438359414984
Epoch 27 finished
11/08 05:40:57 AM Inference time (sec): 2.4880674019805156
11/08 05:40:57 AM Accuracy of the network on the 10000 test images: 0.8691
11/08 05:41:06 AM [epoch=28, batch=  100] loss: 0.075
11/08 05:41:15 AM [epoch=28, batch=  200] loss: 0.078
11/08 05:41:24 AM [epoch=28, batch=  300] loss: 0.068
11/08 05:41:33 AM [epoch=28, batch=  400] loss: 0.074
11/08 05:41:42 AM [epoch=28, batch=  500] loss: 0.076
11/08 05:41:51 AM [epoch=28, batch=  600] loss: 0.085
11/08 05:42:00 AM [epoch=28, batch=  700] loss: 0.081
Training time (sec): 70.49018477700884
Epoch 28 finished
11/08 05:42:10 AM Inference time (sec): 2.4926439050468616
11/08 05:42:10 AM Accuracy of the network on the 10000 test images: 0.8677
11/08 05:42:19 AM [epoch=29, batch=  100] loss: 0.074
11/08 05:42:28 AM [epoch=29, batch=  200] loss: 0.073
11/08 05:42:37 AM [epoch=29, batch=  300] loss: 0.072
11/08 05:42:46 AM [epoch=29, batch=  400] loss: 0.070
11/08 05:42:55 AM [epoch=29, batch=  500] loss: 0.083
11/08 05:43:04 AM [epoch=29, batch=  600] loss: 0.082
11/08 05:43:13 AM [epoch=29, batch=  700] loss: 0.080
Training time (sec): 70.4709160150378
Epoch 29 finished
11/08 05:43:23 AM Inference time (sec): 2.494514969002921
11/08 05:43:23 AM Accuracy of the network on the 10000 test images: 0.8706
11/08 05:43:32 AM [epoch=30, batch=  100] loss: 0.055
11/08 05:43:41 AM [epoch=30, batch=  200] loss: 0.055
11/08 05:43:50 AM [epoch=30, batch=  300] loss: 0.053
11/08 05:43:59 AM [epoch=30, batch=  400] loss: 0.054
11/08 05:44:08 AM [epoch=30, batch=  500] loss: 0.053
11/08 05:44:17 AM [epoch=30, batch=  600] loss: 0.054
11/08 05:44:26 AM [epoch=30, batch=  700] loss: 0.059
Training time (sec): 70.4705271240091
Epoch 30 finished
11/08 05:44:36 AM Inference time (sec): 2.4901139510329813
11/08 05:44:36 AM Accuracy of the network on the 10000 test images: 0.8731
11/08 05:44:45 AM [epoch=31, batch=  100] loss: 0.054
11/08 05:44:54 AM [epoch=31, batch=  200] loss: 0.056
11/08 05:45:03 AM [epoch=31, batch=  300] loss: 0.046
11/08 05:45:12 AM [epoch=31, batch=  400] loss: 0.051
11/08 05:45:21 AM [epoch=31, batch=  500] loss: 0.049
11/08 05:45:30 AM [epoch=31, batch=  600] loss: 0.055
11/08 05:45:39 AM [epoch=31, batch=  700] loss: 0.046
Training time (sec): 70.78278626600513
Epoch 31 finished
11/08 05:45:49 AM Inference time (sec): 2.6161794499494135
11/08 05:45:49 AM Accuracy of the network on the 10000 test images: 0.8721
11/08 05:45:58 AM [epoch=32, batch=  100] loss: 0.045
11/08 05:46:08 AM [epoch=32, batch=  200] loss: 0.043
11/08 05:46:17 AM [epoch=32, batch=  300] loss: 0.051
11/08 05:46:26 AM [epoch=32, batch=  400] loss: 0.052
11/08 05:46:35 AM [epoch=32, batch=  500] loss: 0.050
11/08 05:46:44 AM [epoch=32, batch=  600] loss: 0.049
11/08 05:46:53 AM [epoch=32, batch=  700] loss: 0.048
Training time (sec): 70.63801409001462
Epoch 32 finished
11/08 05:47:03 AM Inference time (sec): 2.495056256011594
11/08 05:47:03 AM Accuracy of the network on the 10000 test images: 0.8723
11/08 05:47:12 AM [epoch=33, batch=  100] loss: 0.048
11/08 05:47:21 AM [epoch=33, batch=  200] loss: 0.043
11/08 05:47:30 AM [epoch=33, batch=  300] loss: 0.045
11/08 05:47:39 AM [epoch=33, batch=  400] loss: 0.046
11/08 05:47:48 AM [epoch=33, batch=  500] loss: 0.047
11/08 05:47:57 AM [epoch=33, batch=  600] loss: 0.049
11/08 05:48:06 AM [epoch=33, batch=  700] loss: 0.046
Training time (sec): 70.40993994602468
Epoch 33 finished
11/08 05:48:15 AM Inference time (sec): 2.4871868200134486
11/08 05:48:15 AM Accuracy of the network on the 10000 test images: 0.8725
11/08 05:48:24 AM [epoch=34, batch=  100] loss: 0.046
11/08 05:48:33 AM [epoch=34, batch=  200] loss: 0.042
11/08 05:48:42 AM [epoch=34, batch=  300] loss: 0.044
11/08 05:48:52 AM [epoch=34, batch=  400] loss: 0.044
11/08 05:49:01 AM [epoch=34, batch=  500] loss: 0.047
11/08 05:49:10 AM [epoch=34, batch=  600] loss: 0.044
11/08 05:49:19 AM [epoch=34, batch=  700] loss: 0.047
Training time (sec): 70.49281227902975
Epoch 34 finished
11/08 05:49:28 AM Inference time (sec): 2.489939051971305
11/08 05:49:28 AM Accuracy of the network on the 10000 test images: 0.8726
11/08 05:49:37 AM [epoch=35, batch=  100] loss: 0.041
11/08 05:49:46 AM [epoch=35, batch=  200] loss: 0.045
11/08 05:49:56 AM [epoch=35, batch=  300] loss: 0.043
11/08 05:50:05 AM [epoch=35, batch=  400] loss: 0.047
11/08 05:50:14 AM [epoch=35, batch=  500] loss: 0.046
11/08 05:50:23 AM [epoch=35, batch=  600] loss: 0.046
11/08 05:50:32 AM [epoch=35, batch=  700] loss: 0.047
Training time (sec): 70.7087679390097
Epoch 35 finished
11/08 05:50:42 AM Inference time (sec): 2.539676137967035
11/08 05:50:42 AM Accuracy of the network on the 10000 test images: 0.8726
11/08 05:50:51 AM [epoch=36, batch=  100] loss: 0.044
11/08 05:51:00 AM [epoch=36, batch=  200] loss: 0.045
11/08 05:51:09 AM [epoch=36, batch=  300] loss: 0.045
11/08 05:51:18 AM [epoch=36, batch=  400] loss: 0.039
11/08 05:51:27 AM [epoch=36, batch=  500] loss: 0.043
11/08 05:51:36 AM [epoch=36, batch=  600] loss: 0.044
11/08 05:51:45 AM [epoch=36, batch=  700] loss: 0.047
Training time (sec): 70.77411747700535
Epoch 36 finished
11/08 05:51:55 AM Inference time (sec): 2.540834788000211
11/08 05:51:55 AM Accuracy of the network on the 10000 test images: 0.8738
11/08 05:52:04 AM [epoch=37, batch=  100] loss: 0.043
11/08 05:52:13 AM [epoch=37, batch=  200] loss: 0.044
11/08 05:52:22 AM [epoch=37, batch=  300] loss: 0.045
11/08 05:52:31 AM [epoch=37, batch=  400] loss: 0.043
11/08 05:52:40 AM [epoch=37, batch=  500] loss: 0.047
11/08 05:52:49 AM [epoch=37, batch=  600] loss: 0.042
11/08 05:52:58 AM [epoch=37, batch=  700] loss: 0.043
Training time (sec): 70.77114292199258
Epoch 37 finished
11/08 05:53:08 AM Inference time (sec): 2.541002747020684
11/08 05:53:08 AM Accuracy of the network on the 10000 test images: 0.8722
11/08 05:53:17 AM [epoch=38, batch=  100] loss: 0.042
11/08 05:53:26 AM [epoch=38, batch=  200] loss: 0.043
11/08 05:53:36 AM [epoch=38, batch=  300] loss: 0.041
11/08 05:53:45 AM [epoch=38, batch=  400] loss: 0.038
11/08 05:53:54 AM [epoch=38, batch=  500] loss: 0.043
11/08 05:54:03 AM [epoch=38, batch=  600] loss: 0.039
11/08 05:54:12 AM [epoch=38, batch=  700] loss: 0.045
Training time (sec): 70.80603004695149
Epoch 38 finished
11/08 05:54:22 AM Inference time (sec): 2.544128492998425
11/08 05:54:22 AM Accuracy of the network on the 10000 test images: 0.874
11/08 05:54:31 AM [epoch=39, batch=  100] loss: 0.038
11/08 05:54:40 AM [epoch=39, batch=  200] loss: 0.042
11/08 05:54:49 AM [epoch=39, batch=  300] loss: 0.040
11/08 05:54:58 AM [epoch=39, batch=  400] loss: 0.042
11/08 05:55:07 AM [epoch=39, batch=  500] loss: 0.044
11/08 05:55:16 AM [epoch=39, batch=  600] loss: 0.039
11/08 05:55:25 AM [epoch=39, batch=  700] loss: 0.041
Training time (sec): 70.75879243400414
Epoch 39 finished
11/08 05:55:35 AM Inference time (sec): 2.5448316959664226
11/08 05:55:35 AM Accuracy of the network on the 10000 test images: 0.8725
11/08 05:55:44 AM [epoch=40, batch=  100] loss: 0.041
11/08 05:55:53 AM [epoch=40, batch=  200] loss: 0.043
11/08 05:56:02 AM [epoch=40, batch=  300] loss: 0.036
11/08 05:56:11 AM [epoch=40, batch=  400] loss: 0.037
11/08 05:56:20 AM [epoch=40, batch=  500] loss: 0.044
11/08 05:56:29 AM [epoch=40, batch=  600] loss: 0.041
11/08 05:56:38 AM [epoch=40, batch=  700] loss: 0.042
Training time (sec): 70.72981234703911
Epoch 40 finished
11/08 05:56:48 AM Inference time (sec): 2.5362345069879666
11/08 05:56:48 AM Accuracy of the network on the 10000 test images: 0.8706
11/08 05:56:57 AM [epoch=41, batch=  100] loss: 0.039
11/08 05:57:06 AM [epoch=41, batch=  200] loss: 0.039
11/08 05:57:15 AM [epoch=41, batch=  300] loss: 0.041
11/08 05:57:24 AM [epoch=41, batch=  400] loss: 0.041
11/08 05:57:33 AM [epoch=41, batch=  500] loss: 0.039
11/08 05:57:43 AM [epoch=41, batch=  600] loss: 0.040
11/08 05:57:52 AM [epoch=41, batch=  700] loss: 0.042
Training time (sec): 70.7070656560245
Epoch 41 finished
11/08 05:58:01 AM Inference time (sec): 2.5388723510550335
11/08 05:58:01 AM Accuracy of the network on the 10000 test images: 0.8699
11/08 05:58:11 AM [epoch=42, batch=  100] loss: 0.039
11/08 05:58:20 AM [epoch=42, batch=  200] loss: 0.040
11/08 05:58:29 AM [epoch=42, batch=  300] loss: 0.042
11/08 05:58:38 AM [epoch=42, batch=  400] loss: 0.038
11/08 05:58:47 AM [epoch=42, batch=  500] loss: 0.036
11/08 05:58:56 AM [epoch=42, batch=  600] loss: 0.039
11/08 05:59:05 AM [epoch=42, batch=  700] loss: 0.041
Training time (sec): 70.68879232200561
Epoch 42 finished
11/08 05:59:15 AM Inference time (sec): 2.651682335010264
11/08 05:59:15 AM Accuracy of the network on the 10000 test images: 0.872
11/08 05:59:24 AM [epoch=43, batch=  100] loss: 0.039
11/08 05:59:33 AM [epoch=43, batch=  200] loss: 0.036
11/08 05:59:42 AM [epoch=43, batch=  300] loss: 0.039
11/08 05:59:51 AM [epoch=43, batch=  400] loss: 0.039
11/08 06:00:00 AM [epoch=43, batch=  500] loss: 0.038
11/08 06:00:09 AM [epoch=43, batch=  600] loss: 0.039
11/08 06:00:18 AM [epoch=43, batch=  700] loss: 0.038
Training time (sec): 70.75166492798598
Epoch 43 finished
11/08 06:00:28 AM Inference time (sec): 2.717783493048046
11/08 06:00:28 AM Accuracy of the network on the 10000 test images: 0.8695
11/08 06:00:37 AM [epoch=44, batch=  100] loss: 0.034
11/08 06:00:46 AM [epoch=44, batch=  200] loss: 0.039
11/08 06:00:55 AM [epoch=44, batch=  300] loss: 0.035
11/08 06:01:05 AM [epoch=44, batch=  400] loss: 0.044
11/08 06:01:14 AM [epoch=44, batch=  500] loss: 0.035
11/08 06:01:23 AM [epoch=44, batch=  600] loss: 0.038
11/08 06:01:32 AM [epoch=44, batch=  700] loss: 0.036
Training time (sec): 70.56504160695476
Epoch 44 finished
11/08 06:01:41 AM Inference time (sec): 2.4772405229741707
11/08 06:01:41 AM Accuracy of the network on the 10000 test images: 0.8726
11/08 06:01:50 AM [epoch=45, batch=  100] loss: 0.037
11/08 06:01:59 AM [epoch=45, batch=  200] loss: 0.038
11/08 06:02:08 AM [epoch=45, batch=  300] loss: 0.039
11/08 06:02:17 AM [epoch=45, batch=  400] loss: 0.037
11/08 06:02:26 AM [epoch=45, batch=  500] loss: 0.035
11/08 06:02:35 AM [epoch=45, batch=  600] loss: 0.039
11/08 06:02:44 AM [epoch=45, batch=  700] loss: 0.038
Training time (sec): 70.34631964197615
Epoch 45 finished
11/08 06:02:54 AM Inference time (sec): 2.467499755031895
11/08 06:02:54 AM Accuracy of the network on the 10000 test images: 0.8717
11/08 06:03:03 AM [epoch=46, batch=  100] loss: 0.037
11/08 06:03:12 AM [epoch=46, batch=  200] loss: 0.036
11/08 06:03:21 AM [epoch=46, batch=  300] loss: 0.035
11/08 06:03:30 AM [epoch=46, batch=  400] loss: 0.037
11/08 06:03:39 AM [epoch=46, batch=  500] loss: 0.038
11/08 06:03:48 AM [epoch=46, batch=  600] loss: 0.037
11/08 06:03:57 AM [epoch=46, batch=  700] loss: 0.036
Training time (sec): 70.3998028570204
Epoch 46 finished
11/08 06:04:07 AM Inference time (sec): 2.5443180319853127
11/08 06:04:07 AM Accuracy of the network on the 10000 test images: 0.8722
11/08 06:04:16 AM [epoch=47, batch=  100] loss: 0.039
11/08 06:04:25 AM [epoch=47, batch=  200] loss: 0.037
11/08 06:04:34 AM [epoch=47, batch=  300] loss: 0.035
11/08 06:04:43 AM [epoch=47, batch=  400] loss: 0.037
11/08 06:04:52 AM [epoch=47, batch=  500] loss: 0.038
11/08 06:05:01 AM [epoch=47, batch=  600] loss: 0.036
11/08 06:05:10 AM [epoch=47, batch=  700] loss: 0.039
Training time (sec): 70.46476913697552
Epoch 47 finished
11/08 06:05:20 AM Inference time (sec): 2.4902705010026693
11/08 06:05:20 AM Accuracy of the network on the 10000 test images: 0.8714
11/08 06:05:29 AM [epoch=48, batch=  100] loss: 0.037
11/08 06:05:38 AM [epoch=48, batch=  200] loss: 0.037
11/08 06:05:47 AM [epoch=48, batch=  300] loss: 0.040
11/08 06:05:56 AM [epoch=48, batch=  400] loss: 0.036
11/08 06:06:05 AM [epoch=48, batch=  500] loss: 0.036
11/08 06:06:14 AM [epoch=48, batch=  600] loss: 0.038
11/08 06:06:23 AM [epoch=48, batch=  700] loss: 0.040
Training time (sec): 70.48716247599805
Epoch 48 finished
11/08 06:06:33 AM Inference time (sec): 2.4919493080233224
11/08 06:06:33 AM Accuracy of the network on the 10000 test images: 0.8696
11/08 06:06:42 AM [epoch=49, batch=  100] loss: 0.035
11/08 06:06:51 AM [epoch=49, batch=  200] loss: 0.035
11/08 06:07:00 AM [epoch=49, batch=  300] loss: 0.039
11/08 06:07:09 AM [epoch=49, batch=  400] loss: 0.037
11/08 06:07:18 AM [epoch=49, batch=  500] loss: 0.036
11/08 06:07:27 AM [epoch=49, batch=  600] loss: 0.038
11/08 06:07:36 AM [epoch=49, batch=  700] loss: 0.033
Training time (sec): 70.37903759803157
Epoch 49 finished
11/08 06:07:46 AM Inference time (sec): 2.4948700470267795
11/08 06:07:46 AM Accuracy of the network on the 10000 test images: 0.8718
11/08 06:07:46 AM Saving model in the 50th epoch.. to EXP/densenet-20241108-050807/weights_50.pt
11/08 06:07:48 AM Inference time (sec): 2.5099476609611884
11/08 06:07:48 AM Accuracy of the network on the 10000 test images: 0.872
11/08 06:07:57 AM [epoch=50, batch=  100] loss: 0.032
11/08 06:08:06 AM [epoch=50, batch=  200] loss: 0.037
11/08 06:08:15 AM [epoch=50, batch=  300] loss: 0.034
11/08 06:08:25 AM [epoch=50, batch=  400] loss: 0.035
11/08 06:08:34 AM [epoch=50, batch=  500] loss: 0.039
11/08 06:08:43 AM [epoch=50, batch=  600] loss: 0.037
11/08 06:08:52 AM [epoch=50, batch=  700] loss: 0.034
Training time (sec): 70.4522616469767
Epoch 50 finished
11/08 06:09:01 AM Inference time (sec): 2.48941882699728
11/08 06:09:01 AM Accuracy of the network on the 10000 test images: 0.8714
11/08 06:09:10 AM [epoch=51, batch=  100] loss: 0.036
11/08 06:09:19 AM [epoch=51, batch=  200] loss: 0.036
11/08 06:09:28 AM [epoch=51, batch=  300] loss: 0.036
11/08 06:09:37 AM [epoch=51, batch=  400] loss: 0.034
11/08 06:09:46 AM [epoch=51, batch=  500] loss: 0.038
11/08 06:09:56 AM [epoch=51, batch=  600] loss: 0.036
11/08 06:10:05 AM [epoch=51, batch=  700] loss: 0.039
Training time (sec): 70.57202187704388
Epoch 51 finished
11/08 06:10:14 AM Inference time (sec): 2.488323913014028
11/08 06:10:14 AM Accuracy of the network on the 10000 test images: 0.8714
11/08 06:10:23 AM [epoch=52, batch=  100] loss: 0.038
11/08 06:10:32 AM [epoch=52, batch=  200] loss: 0.037
11/08 06:10:42 AM [epoch=52, batch=  300] loss: 0.038
11/08 06:10:51 AM [epoch=52, batch=  400] loss: 0.036
11/08 06:11:00 AM [epoch=52, batch=  500] loss: 0.035
11/08 06:11:09 AM [epoch=52, batch=  600] loss: 0.036
11/08 06:11:18 AM [epoch=52, batch=  700] loss: 0.039
Training time (sec): 70.6078749599983
Epoch 52 finished
11/08 06:11:28 AM Inference time (sec): 2.4938644639914855
11/08 06:11:28 AM Accuracy of the network on the 10000 test images: 0.872
11/08 06:11:37 AM [epoch=53, batch=  100] loss: 0.035
11/08 06:11:46 AM [epoch=53, batch=  200] loss: 0.040
11/08 06:11:55 AM [epoch=53, batch=  300] loss: 0.039
11/08 06:12:04 AM [epoch=53, batch=  400] loss: 0.037
11/08 06:12:13 AM [epoch=53, batch=  500] loss: 0.036
11/08 06:12:22 AM [epoch=53, batch=  600] loss: 0.037
11/08 06:12:31 AM [epoch=53, batch=  700] loss: 0.035
Training time (sec): 70.54457452503266
Epoch 53 finished
11/08 06:12:41 AM Inference time (sec): 2.4936548889963888
11/08 06:12:41 AM Accuracy of the network on the 10000 test images: 0.873
11/08 06:12:50 AM [epoch=54, batch=  100] loss: 0.036
11/08 06:12:59 AM [epoch=54, batch=  200] loss: 0.037
11/08 06:13:08 AM [epoch=54, batch=  300] loss: 0.036
11/08 06:13:17 AM [epoch=54, batch=  400] loss: 0.038
11/08 06:13:26 AM [epoch=54, batch=  500] loss: 0.040
11/08 06:13:35 AM [epoch=54, batch=  600] loss: 0.033
11/08 06:13:44 AM [epoch=54, batch=  700] loss: 0.036
Training time (sec): 70.49488938902505
Epoch 54 finished
11/08 06:13:54 AM Inference time (sec): 2.4752254220074974
11/08 06:13:54 AM Accuracy of the network on the 10000 test images: 0.8724
11/08 06:14:03 AM [epoch=55, batch=  100] loss: 0.037
11/08 06:14:12 AM [epoch=55, batch=  200] loss: 0.037
11/08 06:14:21 AM [epoch=55, batch=  300] loss: 0.033
11/08 06:14:30 AM [epoch=55, batch=  400] loss: 0.038
11/08 06:14:39 AM [epoch=55, batch=  500] loss: 0.039
11/08 06:14:48 AM [epoch=55, batch=  600] loss: 0.036
11/08 06:14:57 AM [epoch=55, batch=  700] loss: 0.036
Training time (sec): 70.40543083101511
Epoch 55 finished
11/08 06:15:06 AM Inference time (sec): 2.4676291230134666
11/08 06:15:06 AM Accuracy of the network on the 10000 test images: 0.8716
11/08 06:15:15 AM [epoch=56, batch=  100] loss: 0.034
11/08 06:15:24 AM [epoch=56, batch=  200] loss: 0.037
11/08 06:15:33 AM [epoch=56, batch=  300] loss: 0.035
11/08 06:15:42 AM [epoch=56, batch=  400] loss: 0.035
11/08 06:15:51 AM [epoch=56, batch=  500] loss: 0.034
11/08 06:16:01 AM [epoch=56, batch=  600] loss: 0.035
11/08 06:16:10 AM [epoch=56, batch=  700] loss: 0.036
Training time (sec): 70.45662350096973
Epoch 56 finished
11/08 06:16:19 AM Inference time (sec): 2.484525779960677
11/08 06:16:19 AM Accuracy of the network on the 10000 test images: 0.8719
11/08 06:16:28 AM [epoch=57, batch=  100] loss: 0.037
11/08 06:16:37 AM [epoch=57, batch=  200] loss: 0.032
11/08 06:16:46 AM [epoch=57, batch=  300] loss: 0.037
11/08 06:16:55 AM [epoch=57, batch=  400] loss: 0.038
11/08 06:17:04 AM [epoch=57, batch=  500] loss: 0.038
11/08 06:17:13 AM [epoch=57, batch=  600] loss: 0.034
11/08 06:17:22 AM [epoch=57, batch=  700] loss: 0.035
Training time (sec): 70.47839415201452
Epoch 57 finished
11/08 06:17:32 AM Inference time (sec): 2.4719767089700326
11/08 06:17:32 AM Accuracy of the network on the 10000 test images: 0.8744
11/08 06:17:41 AM [epoch=58, batch=  100] loss: 0.033
11/08 06:17:50 AM [epoch=58, batch=  200] loss: 0.041
11/08 06:17:59 AM [epoch=58, batch=  300] loss: 0.037
11/08 06:18:08 AM [epoch=58, batch=  400] loss: 0.040
11/08 06:18:17 AM [epoch=58, batch=  500] loss: 0.040
11/08 06:18:26 AM [epoch=58, batch=  600] loss: 0.035
11/08 06:18:35 AM [epoch=58, batch=  700] loss: 0.035
Training time (sec): 70.3684925569687
Epoch 58 finished
11/08 06:18:45 AM Inference time (sec): 2.4695257029961795
11/08 06:18:45 AM Accuracy of the network on the 10000 test images: 0.8708
11/08 06:18:54 AM [epoch=59, batch=  100] loss: 0.034
11/08 06:19:03 AM [epoch=59, batch=  200] loss: 0.036
11/08 06:19:12 AM [epoch=59, batch=  300] loss: 0.036
11/08 06:19:21 AM [epoch=59, batch=  400] loss: 0.036
11/08 06:19:30 AM [epoch=59, batch=  500] loss: 0.036
11/08 06:19:39 AM [epoch=59, batch=  600] loss: 0.035
11/08 06:19:48 AM [epoch=59, batch=  700] loss: 0.038
Training time (sec): 70.49221833900083
Epoch 59 finished
11/08 06:19:58 AM Inference time (sec): 2.4934203589800745
11/08 06:19:58 AM Accuracy of the network on the 10000 test images: 0.8716
11/08 06:20:07 AM [epoch=60, batch=  100] loss: 0.036
11/08 06:20:16 AM [epoch=60, batch=  200] loss: 0.038
11/08 06:20:25 AM [epoch=60, batch=  300] loss: 0.037
11/08 06:20:34 AM [epoch=60, batch=  400] loss: 0.035
11/08 06:20:43 AM [epoch=60, batch=  500] loss: 0.037
11/08 06:20:52 AM [epoch=60, batch=  600] loss: 0.034
11/08 06:21:01 AM [epoch=60, batch=  700] loss: 0.036
Training time (sec): 70.46992750803474
Epoch 60 finished
11/08 06:21:11 AM Inference time (sec): 2.488298724987544
11/08 06:21:11 AM Accuracy of the network on the 10000 test images: 0.8729
11/08 06:21:20 AM [epoch=61, batch=  100] loss: 0.034
11/08 06:21:29 AM [epoch=61, batch=  200] loss: 0.035
11/08 06:21:38 AM [epoch=61, batch=  300] loss: 0.037
11/08 06:21:47 AM [epoch=61, batch=  400] loss: 0.036
11/08 06:21:56 AM [epoch=61, batch=  500] loss: 0.037
11/08 06:22:05 AM [epoch=61, batch=  600] loss: 0.040
11/08 06:22:14 AM [epoch=61, batch=  700] loss: 0.035
Training time (sec): 70.43295366497478
Epoch 61 finished
11/08 06:22:24 AM Inference time (sec): 2.489104493986815
11/08 06:22:24 AM Accuracy of the network on the 10000 test images: 0.8714
11/08 06:22:33 AM [epoch=62, batch=  100] loss: 0.038
11/08 06:22:42 AM [epoch=62, batch=  200] loss: 0.035
11/08 06:22:51 AM [epoch=62, batch=  300] loss: 0.037
11/08 06:23:00 AM [epoch=62, batch=  400] loss: 0.035
11/08 06:23:09 AM [epoch=62, batch=  500] loss: 0.036
11/08 06:23:18 AM [epoch=62, batch=  600] loss: 0.034
11/08 06:23:27 AM [epoch=62, batch=  700] loss: 0.038
Training time (sec): 70.4791867120075
Epoch 62 finished
11/08 06:23:37 AM Inference time (sec): 2.487162991950754
11/08 06:23:37 AM Accuracy of the network on the 10000 test images: 0.8702
11/08 06:23:46 AM [epoch=63, batch=  100] loss: 0.036
11/08 06:23:55 AM [epoch=63, batch=  200] loss: 0.035
11/08 06:24:04 AM [epoch=63, batch=  300] loss: 0.037
11/08 06:24:13 AM [epoch=63, batch=  400] loss: 0.038
11/08 06:24:22 AM [epoch=63, batch=  500] loss: 0.035
11/08 06:24:31 AM [epoch=63, batch=  600] loss: 0.038
11/08 06:24:40 AM [epoch=63, batch=  700] loss: 0.034
Training time (sec): 70.48772627400467
Epoch 63 finished
11/08 06:24:50 AM Inference time (sec): 2.5163542900118046
11/08 06:24:50 AM Accuracy of the network on the 10000 test images: 0.8712
11/08 06:24:59 AM [epoch=64, batch=  100] loss: 0.039
11/08 06:25:08 AM [epoch=64, batch=  200] loss: 0.035
11/08 06:25:17 AM [epoch=64, batch=  300] loss: 0.036
11/08 06:25:26 AM [epoch=64, batch=  400] loss: 0.036
11/08 06:25:35 AM [epoch=64, batch=  500] loss: 0.036
11/08 06:25:44 AM [epoch=64, batch=  600] loss: 0.034
11/08 06:25:53 AM [epoch=64, batch=  700] loss: 0.037
Training time (sec): 70.50741149199894
Epoch 64 finished
11/08 06:26:03 AM Inference time (sec): 2.4945988850085996
11/08 06:26:03 AM Accuracy of the network on the 10000 test images: 0.8718
11/08 06:26:12 AM [epoch=65, batch=  100] loss: 0.033
11/08 06:26:21 AM [epoch=65, batch=  200] loss: 0.038
11/08 06:26:30 AM [epoch=65, batch=  300] loss: 0.034
11/08 06:26:39 AM [epoch=65, batch=  400] loss: 0.035
11/08 06:26:48 AM [epoch=65, batch=  500] loss: 0.035
11/08 06:26:57 AM [epoch=65, batch=  600] loss: 0.031
11/08 06:27:06 AM [epoch=65, batch=  700] loss: 0.036
Training time (sec): 70.44199184002355
Epoch 65 finished
11/08 06:27:16 AM Inference time (sec): 2.5221301129786298
11/08 06:27:16 AM Accuracy of the network on the 10000 test images: 0.8721
11/08 06:27:25 AM [epoch=66, batch=  100] loss: 0.035
11/08 06:27:34 AM [epoch=66, batch=  200] loss: 0.037
11/08 06:27:43 AM [epoch=66, batch=  300] loss: 0.037
11/08 06:27:52 AM [epoch=66, batch=  400] loss: 0.037
11/08 06:28:01 AM [epoch=66, batch=  500] loss: 0.036
11/08 06:28:10 AM [epoch=66, batch=  600] loss: 0.033
11/08 06:28:19 AM [epoch=66, batch=  700] loss: 0.032
Training time (sec): 70.58740439603571
Epoch 66 finished
11/08 06:28:29 AM Inference time (sec): 2.546317005995661
11/08 06:28:29 AM Accuracy of the network on the 10000 test images: 0.8726
11/08 06:28:38 AM [epoch=67, batch=  100] loss: 0.038
11/08 06:28:47 AM [epoch=67, batch=  200] loss: 0.036
11/08 06:28:56 AM [epoch=67, batch=  300] loss: 0.034
11/08 06:29:05 AM [epoch=67, batch=  400] loss: 0.038
11/08 06:29:14 AM [epoch=67, batch=  500] loss: 0.042
11/08 06:29:23 AM [epoch=67, batch=  600] loss: 0.038
11/08 06:29:32 AM [epoch=67, batch=  700] loss: 0.035
Training time (sec): 70.77192394097801
Epoch 67 finished
11/08 06:29:42 AM Inference time (sec): 2.5447580219479278
11/08 06:29:42 AM Accuracy of the network on the 10000 test images: 0.8729
11/08 06:29:51 AM [epoch=68, batch=  100] loss: 0.036
11/08 06:30:01 AM [epoch=68, batch=  200] loss: 0.037
11/08 06:30:10 AM [epoch=68, batch=  300] loss: 0.037
11/08 06:30:19 AM [epoch=68, batch=  400] loss: 0.032
11/08 06:30:28 AM [epoch=68, batch=  500] loss: 0.034
11/08 06:30:37 AM [epoch=68, batch=  600] loss: 0.039
11/08 06:30:46 AM [epoch=68, batch=  700] loss: 0.035
Training time (sec): 70.8155270019779
Epoch 68 finished
11/08 06:30:56 AM Inference time (sec): 2.542913175013382
11/08 06:30:56 AM Accuracy of the network on the 10000 test images: 0.8733
11/08 06:31:05 AM [epoch=69, batch=  100] loss: 0.039
11/08 06:31:14 AM [epoch=69, batch=  200] loss: 0.036
11/08 06:31:23 AM [epoch=69, batch=  300] loss: 0.036
11/08 06:31:32 AM [epoch=69, batch=  400] loss: 0.036
11/08 06:31:41 AM [epoch=69, batch=  500] loss: 0.035
11/08 06:31:50 AM [epoch=69, batch=  600] loss: 0.038
11/08 06:31:59 AM [epoch=69, batch=  700] loss: 0.035
Training time (sec): 70.78894514002604
Epoch 69 finished
11/08 06:32:09 AM Inference time (sec): 2.562049424974248
11/08 06:32:09 AM Accuracy of the network on the 10000 test images: 0.8711
11/08 06:32:18 AM [epoch=70, batch=  100] loss: 0.038
11/08 06:32:27 AM [epoch=70, batch=  200] loss: 0.034
11/08 06:32:36 AM [epoch=70, batch=  300] loss: 0.031
11/08 06:32:45 AM [epoch=70, batch=  400] loss: 0.037
11/08 06:32:54 AM [epoch=70, batch=  500] loss: 0.038
11/08 06:33:03 AM [epoch=70, batch=  600] loss: 0.035
11/08 06:33:13 AM [epoch=70, batch=  700] loss: 0.037
Training time (sec): 70.79228899203008
Epoch 70 finished
11/08 06:33:22 AM Inference time (sec): 2.5399174990016036
11/08 06:33:22 AM Accuracy of the network on the 10000 test images: 0.8699
11/08 06:33:32 AM [epoch=71, batch=  100] loss: 0.037
11/08 06:33:41 AM [epoch=71, batch=  200] loss: 0.037
11/08 06:33:50 AM [epoch=71, batch=  300] loss: 0.037
11/08 06:33:59 AM [epoch=71, batch=  400] loss: 0.035
11/08 06:34:08 AM [epoch=71, batch=  500] loss: 0.037
11/08 06:34:17 AM [epoch=71, batch=  600] loss: 0.038
11/08 06:34:26 AM [epoch=71, batch=  700] loss: 0.035
Training time (sec): 70.81455314502819
Epoch 71 finished
11/08 06:34:36 AM Inference time (sec): 2.5422076559625566
11/08 06:34:36 AM Accuracy of the network on the 10000 test images: 0.8694
11/08 06:34:45 AM [epoch=72, batch=  100] loss: 0.037
11/08 06:34:54 AM [epoch=72, batch=  200] loss: 0.034
11/08 06:35:03 AM [epoch=72, batch=  300] loss: 0.034
11/08 06:35:12 AM [epoch=72, batch=  400] loss: 0.037
11/08 06:35:21 AM [epoch=72, batch=  500] loss: 0.036
11/08 06:35:30 AM [epoch=72, batch=  600] loss: 0.035
11/08 06:35:39 AM [epoch=72, batch=  700] loss: 0.034
Training time (sec): 70.72195177699905
Epoch 72 finished
11/08 06:35:49 AM Inference time (sec): 2.5461080740205944
11/08 06:35:49 AM Accuracy of the network on the 10000 test images: 0.8712
11/08 06:35:58 AM [epoch=73, batch=  100] loss: 0.035
11/08 06:36:07 AM [epoch=73, batch=  200] loss: 0.037
11/08 06:36:16 AM [epoch=73, batch=  300] loss: 0.037
11/08 06:36:25 AM [epoch=73, batch=  400] loss: 0.034
11/08 06:36:34 AM [epoch=73, batch=  500] loss: 0.033
11/08 06:36:43 AM [epoch=73, batch=  600] loss: 0.037
11/08 06:36:52 AM [epoch=73, batch=  700] loss: 0.037
Training time (sec): 70.80499227700057
Epoch 73 finished
11/08 06:37:02 AM Inference time (sec): 2.542557361011859
11/08 06:37:02 AM Accuracy of the network on the 10000 test images: 0.87
11/08 06:37:11 AM [epoch=74, batch=  100] loss: 0.036
11/08 06:37:21 AM [epoch=74, batch=  200] loss: 0.037
11/08 06:37:30 AM [epoch=74, batch=  300] loss: 0.036
11/08 06:37:39 AM [epoch=74, batch=  400] loss: 0.036
11/08 06:37:48 AM [epoch=74, batch=  500] loss: 0.035
11/08 06:37:57 AM [epoch=74, batch=  600] loss: 0.034
11/08 06:38:06 AM [epoch=74, batch=  700] loss: 0.034
Training time (sec): 70.82467994198669
Epoch 74 finished
11/08 06:38:16 AM Inference time (sec): 2.5407330649904907
11/08 06:38:16 AM Accuracy of the network on the 10000 test images: 0.8705
11/08 06:38:25 AM [epoch=75, batch=  100] loss: 0.036
11/08 06:38:34 AM [epoch=75, batch=  200] loss: 0.034
11/08 06:38:43 AM [epoch=75, batch=  300] loss: 0.037
11/08 06:38:52 AM [epoch=75, batch=  400] loss: 0.038
11/08 06:39:01 AM [epoch=75, batch=  500] loss: 0.036
11/08 06:39:10 AM [epoch=75, batch=  600] loss: 0.036
11/08 06:39:19 AM [epoch=75, batch=  700] loss: 0.034
Training time (sec): 70.82537026802311
Epoch 75 finished
11/08 06:39:29 AM Inference time (sec): 2.549746608012356
11/08 06:39:29 AM Accuracy of the network on the 10000 test images: 0.8748
11/08 06:39:38 AM [epoch=76, batch=  100] loss: 0.032
11/08 06:39:47 AM [epoch=76, batch=  200] loss: 0.034
11/08 06:39:56 AM [epoch=76, batch=  300] loss: 0.035
11/08 06:40:05 AM [epoch=76, batch=  400] loss: 0.035
11/08 06:40:15 AM [epoch=76, batch=  500] loss: 0.035
11/08 06:40:24 AM [epoch=76, batch=  600] loss: 0.035
11/08 06:40:33 AM [epoch=76, batch=  700] loss: 0.034
Training time (sec): 70.83789719099877
Epoch 76 finished
11/08 06:40:43 AM Inference time (sec): 2.5447300410014577
11/08 06:40:43 AM Accuracy of the network on the 10000 test images: 0.8723
11/08 06:40:52 AM [epoch=77, batch=  100] loss: 0.033
11/08 06:41:01 AM [epoch=77, batch=  200] loss: 0.036
11/08 06:41:10 AM [epoch=77, batch=  300] loss: 0.036
11/08 06:41:19 AM [epoch=77, batch=  400] loss: 0.037
11/08 06:41:28 AM [epoch=77, batch=  500] loss: 0.036
11/08 06:41:37 AM [epoch=77, batch=  600] loss: 0.037
11/08 06:41:46 AM [epoch=77, batch=  700] loss: 0.035
Training time (sec): 70.8175974439946
Epoch 77 finished
11/08 06:41:56 AM Inference time (sec): 2.540836553031113
11/08 06:41:56 AM Accuracy of the network on the 10000 test images: 0.8732
11/08 06:42:05 AM [epoch=78, batch=  100] loss: 0.036
11/08 06:42:14 AM [epoch=78, batch=  200] loss: 0.035
11/08 06:42:23 AM [epoch=78, batch=  300] loss: 0.036
11/08 06:42:32 AM [epoch=78, batch=  400] loss: 0.035
11/08 06:42:41 AM [epoch=78, batch=  500] loss: 0.036
11/08 06:42:51 AM [epoch=78, batch=  600] loss: 0.035
11/08 06:43:00 AM [epoch=78, batch=  700] loss: 0.035
Training time (sec): 71.29076335200807
Epoch 78 finished
11/08 06:43:10 AM Inference time (sec): 2.6747382180183195
11/08 06:43:10 AM Accuracy of the network on the 10000 test images: 0.87
11/08 06:43:19 AM [epoch=79, batch=  100] loss: 0.034
11/08 06:43:28 AM [epoch=79, batch=  200] loss: 0.037
11/08 06:43:37 AM [epoch=79, batch=  300] loss: 0.034
11/08 06:43:46 AM [epoch=79, batch=  400] loss: 0.036
11/08 06:43:55 AM [epoch=79, batch=  500] loss: 0.035
11/08 06:44:04 AM [epoch=79, batch=  600] loss: 0.035
11/08 06:44:14 AM [epoch=79, batch=  700] loss: 0.037
Training time (sec): 71.10636247700313
Epoch 79 finished
11/08 06:44:24 AM Inference time (sec): 2.624616873974446
11/08 06:44:24 AM Accuracy of the network on the 10000 test images: 0.8721
11/08 06:44:33 AM [epoch=80, batch=  100] loss: 0.035
11/08 06:44:42 AM [epoch=80, batch=  200] loss: 0.035
11/08 06:44:51 AM [epoch=80, batch=  300] loss: 0.038
11/08 06:45:00 AM [epoch=80, batch=  400] loss: 0.039
11/08 06:45:09 AM [epoch=80, batch=  500] loss: 0.035
11/08 06:45:18 AM [epoch=80, batch=  600] loss: 0.035
11/08 06:45:27 AM [epoch=80, batch=  700] loss: 0.035
Training time (sec): 70.94480917905457
Epoch 80 finished
11/08 06:45:37 AM Inference time (sec): 2.6064172080368735
11/08 06:45:37 AM Accuracy of the network on the 10000 test images: 0.8708
11/08 06:45:46 AM [epoch=81, batch=  100] loss: 0.037
11/08 06:45:55 AM [epoch=81, batch=  200] loss: 0.035
11/08 06:46:04 AM [epoch=81, batch=  300] loss: 0.033
11/08 06:46:13 AM [epoch=81, batch=  400] loss: 0.036
11/08 06:46:22 AM [epoch=81, batch=  500] loss: 0.036
11/08 06:46:31 AM [epoch=81, batch=  600] loss: 0.039
11/08 06:46:40 AM [epoch=81, batch=  700] loss: 0.037
Training time (sec): 70.3956199400127
Epoch 81 finished
11/08 06:46:50 AM Inference time (sec): 2.4747731529641896
11/08 06:46:50 AM Accuracy of the network on the 10000 test images: 0.8736
11/08 06:46:59 AM [epoch=82, batch=  100] loss: 0.034
11/08 06:47:08 AM [epoch=82, batch=  200] loss: 0.033
11/08 06:47:17 AM [epoch=82, batch=  300] loss: 0.037
11/08 06:47:26 AM [epoch=82, batch=  400] loss: 0.037
11/08 06:47:35 AM [epoch=82, batch=  500] loss: 0.035
11/08 06:47:44 AM [epoch=82, batch=  600] loss: 0.036
11/08 06:47:53 AM [epoch=82, batch=  700] loss: 0.035
Training time (sec): 70.71625231701182
Epoch 82 finished
11/08 06:48:03 AM Inference time (sec): 2.4981746280100197
11/08 06:48:03 AM Accuracy of the network on the 10000 test images: 0.8731
11/08 06:48:12 AM [epoch=83, batch=  100] loss: 0.037
11/08 06:48:21 AM [epoch=83, batch=  200] loss: 0.035
11/08 06:48:30 AM [epoch=83, batch=  300] loss: 0.031
11/08 06:48:39 AM [epoch=83, batch=  400] loss: 0.035
11/08 06:48:48 AM [epoch=83, batch=  500] loss: 0.037
11/08 06:48:57 AM [epoch=83, batch=  600] loss: 0.038
11/08 06:49:06 AM [epoch=83, batch=  700] loss: 0.036
Training time (sec): 70.34699084702879
Epoch 83 finished
11/08 06:49:16 AM Inference time (sec): 2.4732932989718392
11/08 06:49:16 AM Accuracy of the network on the 10000 test images: 0.8731
11/08 06:49:25 AM [epoch=84, batch=  100] loss: 0.036
11/08 06:49:34 AM [epoch=84, batch=  200] loss: 0.033
11/08 06:49:43 AM [epoch=84, batch=  300] loss: 0.035
11/08 06:49:52 AM [epoch=84, batch=  400] loss: 0.033
11/08 06:50:01 AM [epoch=84, batch=  500] loss: 0.034
11/08 06:50:10 AM [epoch=84, batch=  600] loss: 0.036
11/08 06:50:19 AM [epoch=84, batch=  700] loss: 0.038
Training time (sec): 70.46637942799134
Epoch 84 finished
11/08 06:50:29 AM Inference time (sec): 2.4759485709946603
11/08 06:50:29 AM Accuracy of the network on the 10000 test images: 0.8716
11/08 06:50:38 AM [epoch=85, batch=  100] loss: 0.038
11/08 06:50:47 AM [epoch=85, batch=  200] loss: 0.040
11/08 06:50:56 AM [epoch=85, batch=  300] loss: 0.035
11/08 06:51:05 AM [epoch=85, batch=  400] loss: 0.037
11/08 06:51:14 AM [epoch=85, batch=  500] loss: 0.035
11/08 06:51:23 AM [epoch=85, batch=  600] loss: 0.035
11/08 06:51:32 AM [epoch=85, batch=  700] loss: 0.032
Training time (sec): 70.61227425496327
Epoch 85 finished
11/08 06:51:42 AM Inference time (sec): 2.5018348580342717
11/08 06:51:42 AM Accuracy of the network on the 10000 test images: 0.8733
11/08 06:51:51 AM [epoch=86, batch=  100] loss: 0.035
11/08 06:52:00 AM [epoch=86, batch=  200] loss: 0.038
11/08 06:52:09 AM [epoch=86, batch=  300] loss: 0.035
11/08 06:52:18 AM [epoch=86, batch=  400] loss: 0.036
11/08 06:52:27 AM [epoch=86, batch=  500] loss: 0.036
11/08 06:52:36 AM [epoch=86, batch=  600] loss: 0.035
11/08 06:52:45 AM [epoch=86, batch=  700] loss: 0.035
Training time (sec): 70.48634609399596
Epoch 86 finished
11/08 06:52:55 AM Inference time (sec): 2.478688017989043
11/08 06:52:55 AM Accuracy of the network on the 10000 test images: 0.8717
11/08 06:53:04 AM [epoch=87, batch=  100] loss: 0.033
11/08 06:53:13 AM [epoch=87, batch=  200] loss: 0.034
11/08 06:53:22 AM [epoch=87, batch=  300] loss: 0.035
11/08 06:53:31 AM [epoch=87, batch=  400] loss: 0.037
11/08 06:53:40 AM [epoch=87, batch=  500] loss: 0.037
11/08 06:53:49 AM [epoch=87, batch=  600] loss: 0.038
11/08 06:53:58 AM [epoch=87, batch=  700] loss: 0.035
Training time (sec): 70.60863684100332
Epoch 87 finished
11/08 06:54:08 AM Inference time (sec): 2.5813644970185123
11/08 06:54:08 AM Accuracy of the network on the 10000 test images: 0.8712
11/08 06:54:17 AM [epoch=88, batch=  100] loss: 0.037
11/08 06:54:26 AM [epoch=88, batch=  200] loss: 0.037
11/08 06:54:35 AM [epoch=88, batch=  300] loss: 0.038
11/08 06:54:44 AM [epoch=88, batch=  400] loss: 0.033
11/08 06:54:53 AM [epoch=88, batch=  500] loss: 0.035
11/08 06:55:02 AM [epoch=88, batch=  600] loss: 0.037
11/08 06:55:11 AM [epoch=88, batch=  700] loss: 0.037
Training time (sec): 70.10912941303104
Epoch 88 finished
11/08 06:55:21 AM Inference time (sec): 2.449125206039753
11/08 06:55:21 AM Accuracy of the network on the 10000 test images: 0.8744
11/08 06:55:30 AM [epoch=89, batch=  100] loss: 0.034
11/08 06:55:39 AM [epoch=89, batch=  200] loss: 0.032
11/08 06:55:48 AM [epoch=89, batch=  300] loss: 0.037
11/08 06:55:57 AM [epoch=89, batch=  400] loss: 0.037
11/08 06:56:06 AM [epoch=89, batch=  500] loss: 0.035
11/08 06:56:15 AM [epoch=89, batch=  600] loss: 0.034
11/08 06:56:24 AM [epoch=89, batch=  700] loss: 0.035
Training time (sec): 70.41600450599799
Epoch 89 finished
11/08 06:56:34 AM Inference time (sec): 2.4762492169975303
11/08 06:56:34 AM Accuracy of the network on the 10000 test images: 0.8717
11/08 06:56:43 AM [epoch=90, batch=  100] loss: 0.034
11/08 06:56:52 AM [epoch=90, batch=  200] loss: 0.036
11/08 06:57:01 AM [epoch=90, batch=  300] loss: 0.034
11/08 06:57:10 AM [epoch=90, batch=  400] loss: 0.035
11/08 06:57:19 AM [epoch=90, batch=  500] loss: 0.036
11/08 06:57:28 AM [epoch=90, batch=  600] loss: 0.039
11/08 06:57:37 AM [epoch=90, batch=  700] loss: 0.034
Training time (sec): 70.3918185600196
Epoch 90 finished
11/08 06:57:47 AM Inference time (sec): 2.4772850850131363
11/08 06:57:47 AM Accuracy of the network on the 10000 test images: 0.8723
11/08 06:57:56 AM [epoch=91, batch=  100] loss: 0.034
11/08 06:58:05 AM [epoch=91, batch=  200] loss: 0.038
11/08 06:58:14 AM [epoch=91, batch=  300] loss: 0.039
11/08 06:58:23 AM [epoch=91, batch=  400] loss: 0.035
11/08 06:58:32 AM [epoch=91, batch=  500] loss: 0.036
11/08 06:58:41 AM [epoch=91, batch=  600] loss: 0.036
11/08 06:58:50 AM [epoch=91, batch=  700] loss: 0.038
Training time (sec): 70.40393302601296
Epoch 91 finished
11/08 06:58:59 AM Inference time (sec): 2.4771849919925444
11/08 06:58:59 AM Accuracy of the network on the 10000 test images: 0.8709
11/08 06:59:08 AM [epoch=92, batch=  100] loss: 0.037
11/08 06:59:18 AM [epoch=92, batch=  200] loss: 0.036
11/08 06:59:27 AM [epoch=92, batch=  300] loss: 0.037
11/08 06:59:36 AM [epoch=92, batch=  400] loss: 0.036
11/08 06:59:44 AM [epoch=92, batch=  500] loss: 0.034
11/08 06:59:53 AM [epoch=92, batch=  600] loss: 0.035
11/08 07:00:02 AM [epoch=92, batch=  700] loss: 0.036
Training time (sec): 70.2908399880398
Epoch 92 finished
11/08 07:00:12 AM Inference time (sec): 2.503461904008873
11/08 07:00:12 AM Accuracy of the network on the 10000 test images: 0.8702
11/08 07:00:21 AM [epoch=93, batch=  100] loss: 0.035
11/08 07:00:30 AM [epoch=93, batch=  200] loss: 0.034
11/08 07:00:39 AM [epoch=93, batch=  300] loss: 0.040
11/08 07:00:48 AM [epoch=93, batch=  400] loss: 0.038
11/08 07:00:57 AM [epoch=93, batch=  500] loss: 0.035
11/08 07:01:06 AM [epoch=93, batch=  600] loss: 0.038
11/08 07:01:15 AM [epoch=93, batch=  700] loss: 0.038
Training time (sec): 70.34505649202038
Epoch 93 finished
11/08 07:01:25 AM Inference time (sec): 2.4736701829824597
11/08 07:01:25 AM Accuracy of the network on the 10000 test images: 0.8709
11/08 07:01:34 AM [epoch=94, batch=  100] loss: 0.037
11/08 07:01:43 AM [epoch=94, batch=  200] loss: 0.037
11/08 07:01:52 AM [epoch=94, batch=  300] loss: 0.036
11/08 07:02:01 AM [epoch=94, batch=  400] loss: 0.037
11/08 07:02:10 AM [epoch=94, batch=  500] loss: 0.039
11/08 07:02:19 AM [epoch=94, batch=  600] loss: 0.033
11/08 07:02:28 AM [epoch=94, batch=  700] loss: 0.035
Training time (sec): 70.32970334996935
Epoch 94 finished
11/08 07:02:38 AM Inference time (sec): 2.450636609981302
11/08 07:02:38 AM Accuracy of the network on the 10000 test images: 0.8726
11/08 07:02:47 AM [epoch=95, batch=  100] loss: 0.038
11/08 07:02:56 AM [epoch=95, batch=  200] loss: 0.036
11/08 07:03:05 AM [epoch=95, batch=  300] loss: 0.034
11/08 07:03:14 AM [epoch=95, batch=  400] loss: 0.039
11/08 07:03:23 AM [epoch=95, batch=  500] loss: 0.033
11/08 07:03:32 AM [epoch=95, batch=  600] loss: 0.035
11/08 07:03:41 AM [epoch=95, batch=  700] loss: 0.036
Training time (sec): 70.34689532296034
Epoch 95 finished
11/08 07:03:51 AM Inference time (sec): 2.4713709939969704
11/08 07:03:51 AM Accuracy of the network on the 10000 test images: 0.8713
11/08 07:04:00 AM [epoch=96, batch=  100] loss: 0.034
11/08 07:04:09 AM [epoch=96, batch=  200] loss: 0.035
11/08 07:04:18 AM [epoch=96, batch=  300] loss: 0.036
11/08 07:04:27 AM [epoch=96, batch=  400] loss: 0.032
11/08 07:04:36 AM [epoch=96, batch=  500] loss: 0.038
11/08 07:04:45 AM [epoch=96, batch=  600] loss: 0.037
11/08 07:04:54 AM [epoch=96, batch=  700] loss: 0.036
Training time (sec): 70.44334342796355
Epoch 96 finished
11/08 07:05:04 AM Inference time (sec): 2.543804481974803
11/08 07:05:04 AM Accuracy of the network on the 10000 test images: 0.8723
11/08 07:05:13 AM [epoch=97, batch=  100] loss: 0.036
11/08 07:05:22 AM [epoch=97, batch=  200] loss: 0.035
11/08 07:05:31 AM [epoch=97, batch=  300] loss: 0.034
11/08 07:05:40 AM [epoch=97, batch=  400] loss: 0.035
11/08 07:05:49 AM [epoch=97, batch=  500] loss: 0.035
11/08 07:05:58 AM [epoch=97, batch=  600] loss: 0.036
11/08 07:06:07 AM [epoch=97, batch=  700] loss: 0.038
Training time (sec): 70.50940141302999
Epoch 97 finished
11/08 07:06:17 AM Inference time (sec): 2.4893826819607057
11/08 07:06:17 AM Accuracy of the network on the 10000 test images: 0.873
11/08 07:06:26 AM [epoch=98, batch=  100] loss: 0.036
11/08 07:06:35 AM [epoch=98, batch=  200] loss: 0.035
11/08 07:06:44 AM [epoch=98, batch=  300] loss: 0.038
11/08 07:06:53 AM [epoch=98, batch=  400] loss: 0.036
11/08 07:07:02 AM [epoch=98, batch=  500] loss: 0.035
11/08 07:07:11 AM [epoch=98, batch=  600] loss: 0.034
11/08 07:07:20 AM [epoch=98, batch=  700] loss: 0.037
Training time (sec): 70.56292819400551
Epoch 98 finished
11/08 07:07:30 AM Inference time (sec): 2.493767200037837
11/08 07:07:30 AM Accuracy of the network on the 10000 test images: 0.8722
11/08 07:07:39 AM [epoch=99, batch=  100] loss: 0.036
11/08 07:07:48 AM [epoch=99, batch=  200] loss: 0.038
11/08 07:07:57 AM [epoch=99, batch=  300] loss: 0.034
11/08 07:08:06 AM [epoch=99, batch=  400] loss: 0.037
11/08 07:08:15 AM [epoch=99, batch=  500] loss: 0.036
11/08 07:08:24 AM [epoch=99, batch=  600] loss: 0.038
11/08 07:08:33 AM [epoch=99, batch=  700] loss: 0.032
Training time (sec): 70.72342676698463
Epoch 99 finished
11/08 07:08:43 AM Inference time (sec): 2.5372367140371352
11/08 07:08:43 AM Accuracy of the network on the 10000 test images: 0.8724
11/08 07:08:43 AM Saving model in the 100th epoch.. to EXP/densenet-20241108-050807/weights_100.pt
11/08 07:08:46 AM Inference time (sec): 2.5153248010319658
11/08 07:08:46 AM Accuracy of the network on the 10000 test images: 0.8713
11/08 07:08:46 AM Finished Training
===============================
Experiment dir : EXP_baseline
Experiment dir : EXP_baseline/densenet-20241108-070847
11/08 07:08:47 AM gpu device = 0
11/08 07:08:47 AM args = Namespace(checkpoint_path='EXP_baseline/densenet-20241108-070847', dataset_path='data', model_name='densenet', epochs=100, batch_size=64, learning_rate=0.1, momentum=0.9, weight_decay=0.0001, grad_clip=5, step=15, trec=[0, 0, 0, 0, 0, 0, 0, 0, 0, 0, 0, 0, 0, 0, 0, 0, 0, 0, 0, 0, 0, 0, 0, 0, 0, 0, 0, 0, 0, 0, 0, 0, 0, 0, 0, 0, 0, 0, 0], L=None, H=None, bp_trec=[0, 0, 0, 0], bp_L=[1, 1, 1, 1], bp_H=[1, 1, 1, 1], gpu=0, depth=40, k=12)
Files already downloaded and verified
Files already downloaded and verified
11/08 07:08:50 AM [epoch=0, batch=  100] loss: 1.927
11/08 07:08:52 AM [epoch=0, batch=  200] loss: 1.561
11/08 07:08:54 AM [epoch=0, batch=  300] loss: 1.360
11/08 07:08:56 AM [epoch=0, batch=  400] loss: 1.258
11/08 07:08:58 AM [epoch=0, batch=  500] loss: 1.107
11/08 07:09:00 AM [epoch=0, batch=  600] loss: 1.086
11/08 07:09:02 AM [epoch=0, batch=  700] loss: 1.007
Training time (sec): 15.361452185024973
Epoch 0 finished
11/08 07:09:05 AM Inference time (sec): 1.8908884759875946
11/08 07:09:05 AM Accuracy of the network on the 10000 test images: 0.6261
11/08 07:09:05 AM Saving currently best model.. to EXP_baseline/densenet-20241108-070847/weights.pt
